This is pdfTeX, Version 3.1415926-2.4-1.40.13 (MiKTeX 2.9) (preloaded format=pdflatex 2013.3.17)  25 SEP 2018 15:53
entering extended mode
**mathgen-224720516.tex
(C:\Users\avirbick\Desktop\github\MathPaper\mathgen-224720516.tex
LaTeX2e <2011/06/27>
Babel <v3.8m> and hyphenation patterns for english, afrikaans, ancientgreek, ar
abic, armenian, assamese, basque, bengali, bokmal, bulgarian, catalan, coptic, 
croatian, czech, danish, dutch, esperanto, estonian, farsi, finnish, french, ga
lician, german, german-x-2012-05-30, greek, gujarati, hindi, hungarian, iceland
ic, indonesian, interlingua, irish, italian, kannada, kurmanji, latin, latvian,
 lithuanian, malayalam, marathi, mongolian, mongolianlmc, monogreek, ngerman, n
german-x-2012-05-30, nynorsk, oriya, panjabi, pinyin, polish, portuguese, roman
ian, russian, sanskrit, serbian, slovak, slovenian, spanish, swedish, swissgerm
an, tamil, telugu, turkish, turkmen, ukenglish, ukrainian, uppersorbian, usengl
ishmax, welsh, loaded.
("C:\Program Files (x86)\MiKTeX 2.9\tex\latex\base\article.cls"
Document Class: article 2007/10/19 v1.4h Standard LaTeX document class
("C:\Program Files (x86)\MiKTeX 2.9\tex\latex\base\size11.clo"
File: size11.clo 2007/10/19 v1.4h Standard LaTeX file (size option)
)
\c@part=\count79
\c@section=\count80
\c@subsection=\count81
\c@subsubsection=\count82
\c@paragraph=\count83
\c@subparagraph=\count84
\c@figure=\count85
\c@table=\count86
\abovecaptionskip=\skip41
\belowcaptionskip=\skip42
\bibindent=\dimen102
)
("C:\Program Files (x86)\MiKTeX 2.9\tex\latex\amsfonts\amsfonts.sty"
Package: amsfonts 2013/01/14 v3.01 Basic AMSFonts support
\@emptytoks=\toks14
\symAMSa=\mathgroup4
\symAMSb=\mathgroup5
LaTeX Font Info:    Overwriting math alphabet `\mathfrak' in version `bold'
(Font)                  U/euf/m/n --> U/euf/b/n on input line 106.
)
("C:\Program Files (x86)\MiKTeX 2.9\tex\latex\amsmath\amsmath.sty"
Package: amsmath 2013/01/14 v2.14 AMS math features
\@mathmargin=\skip43

For additional information on amsmath, use the `?' option.
("C:\Program Files (x86)\MiKTeX 2.9\tex\latex\amsmath\amstext.sty"
Package: amstext 2000/06/29 v2.01

("C:\Program Files (x86)\MiKTeX 2.9\tex\latex\amsmath\amsgen.sty"
File: amsgen.sty 1999/11/30 v2.0
\@emptytoks=\toks15
\ex@=\dimen103
))
("C:\Program Files (x86)\MiKTeX 2.9\tex\latex\amsmath\amsbsy.sty"
Package: amsbsy 1999/11/29 v1.2d
\pmbraise@=\dimen104
)
("C:\Program Files (x86)\MiKTeX 2.9\tex\latex\amsmath\amsopn.sty"
Package: amsopn 1999/12/14 v2.01 operator names
)
\inf@bad=\count87
LaTeX Info: Redefining \frac on input line 210.
\uproot@=\count88
\leftroot@=\count89
LaTeX Info: Redefining \overline on input line 306.
\classnum@=\count90
\DOTSCASE@=\count91
LaTeX Info: Redefining \ldots on input line 378.
LaTeX Info: Redefining \dots on input line 381.
LaTeX Info: Redefining \cdots on input line 466.
\Mathstrutbox@=\box26
\strutbox@=\box27
\big@size=\dimen105
LaTeX Font Info:    Redeclaring font encoding OML on input line 566.
LaTeX Font Info:    Redeclaring font encoding OMS on input line 567.
\macc@depth=\count92
\c@MaxMatrixCols=\count93
\dotsspace@=\muskip10
\c@parentequation=\count94
\dspbrk@lvl=\count95
\tag@help=\toks16
\row@=\count96
\column@=\count97
\maxfields@=\count98
\andhelp@=\toks17
\eqnshift@=\dimen106
\alignsep@=\dimen107
\tagshift@=\dimen108
\tagwidth@=\dimen109
\totwidth@=\dimen110
\lineht@=\dimen111
\@envbody=\toks18
\multlinegap=\skip44
\multlinetaggap=\skip45
\mathdisplay@stack=\toks19
LaTeX Info: Redefining \[ on input line 2665.
LaTeX Info: Redefining \] on input line 2666.
)
("C:\Program Files (x86)\MiKTeX 2.9\tex\latex\amscls\amsthm.sty"
Package: amsthm 2004/08/06 v2.20
\thm@style=\toks20
\thm@bodyfont=\toks21
\thm@headfont=\toks22
\thm@notefont=\toks23
\thm@headpunct=\toks24
\thm@preskip=\skip46
\thm@postskip=\skip47
\thm@headsep=\skip48
\dth@everypar=\toks25
)
("C:\Program Files (x86)\MiKTeX 2.9\tex\latex\amsfonts\amssymb.sty"
Package: amssymb 2013/01/14 v3.01 AMS font symbols
)
("C:\Program Files (x86)\MiKTeX 2.9\tex\latex\jknappen\mathrsfs.sty"
Package: mathrsfs 1996/01/01 Math RSFS package v1.0 (jk)
\symrsfs=\mathgroup6
)
(C:\Users\avirbick\AppData\Roaming\MiKTeX\2.9\tex\latex\natbib\natbib.sty
Package: natbib 2010/09/13 8.31b (PWD, AO)
\bibhang=\skip49
\bibsep=\skip50
LaTeX Info: Redefining \cite on input line 694.
\c@NAT@ctr=\count99
)
(C:\Users\avirbick\AppData\Roaming\MiKTeX\2.9\tex\latex\truncate\truncate.sty
Package: truncate 2001/08/20  ver 3.6
\@Trunc@RestHyph=\toks26
)
\c@theorem=\count100
\c@question=\count101

No file mathgen-224720516.aux.
LaTeX Font Info:    Checking defaults for OML/cmm/m/it on input line 32.
LaTeX Font Info:    ... okay on input line 32.
LaTeX Font Info:    Checking defaults for T1/cmr/m/n on input line 32.
LaTeX Font Info:    ... okay on input line 32.
LaTeX Font Info:    Checking defaults for OT1/cmr/m/n on input line 32.
LaTeX Font Info:    ... okay on input line 32.
LaTeX Font Info:    Checking defaults for OMS/cmsy/m/n on input line 32.
LaTeX Font Info:    ... okay on input line 32.
LaTeX Font Info:    Checking defaults for OMX/cmex/m/n on input line 32.
LaTeX Font Info:    ... okay on input line 32.
LaTeX Font Info:    Checking defaults for U/cmr/m/n on input line 32.
LaTeX Font Info:    ... okay on input line 32.
LaTeX Font Info:    Try loading font information for U+msa on input line 38.
("C:\Program Files (x86)\MiKTeX 2.9\tex\latex\amsfonts\umsa.fd"
File: umsa.fd 2013/01/14 v3.01 AMS symbols A
)
LaTeX Font Info:    Try loading font information for U+msb on input line 38.

("C:\Program Files (x86)\MiKTeX 2.9\tex\latex\amsfonts\umsb.fd"
File: umsb.fd 2013/01/14 v3.01 AMS symbols B
)
LaTeX Font Info:    Try loading font information for U+rsfs on input line 38.

("C:\Program Files (x86)\MiKTeX 2.9\tex\latex\jknappen\ursfs.fd"
File: ursfs.fd 1998/03/24 rsfs font definition file (jk)
)

Package natbib Warning: Citation `cite:0' on page 1 undefined on input line 42.


LaTeX Font Info:    Try loading font information for U+euf on input line 42.
("C:\Program Files (x86)\MiKTeX 2.9\tex\latex\amsfonts\ueuf.fd"
File: ueuf.fd 2013/01/14 v3.01 Euler Fraktur
)

Package natbib Warning: Citation `cite:1' on page 1 undefined on input line 42.



Package natbib Warning: Citation `cite:0' on page 1 undefined on input line 57.



Package natbib Warning: Citation `cite:0' on page 1 undefined on input line 57.



Package natbib Warning: Citation `cite:2' on page 1 undefined on input line 57.



Package natbib Warning: Citation `cite:3' on page 1 undefined on input line 57.



Package natbib Warning: Citation `cite:2' on page 1 undefined on input line 59.



Package natbib Warning: Citation `cite:3' on page 1 undefined on input line 59.



Package natbib Warning: Citation `cite:4' on page 1 undefined on input line 59.



Package natbib Warning: Citation `cite:5' on page 1 undefined on input line 61.



Package natbib Warning: Citation `cite:3' on page 1 undefined on input line 61.



Package natbib Warning: Citation `cite:6' on page 1 undefined on input line 61.



Package natbib Warning: Citation `cite:7' on page 1 undefined on input line 61.


[1

{C:/Users/avirbick/AppData/Local/MiKTeX/2.9/pdftex/config/pdftex.map}]

Package natbib Warning: Citation `cite:8' on page 2 undefined on input line 63.



Package natbib Warning: Citation `cite:8' on page 2 undefined on input line 63.



Package natbib Warning: Citation `cite:7' on page 2 undefined on input line 63.



Package natbib Warning: Citation `cite:9' on page 2 undefined on input line 63.


! Missing $ inserted.
<inserted text> 
                $
l.63 ...l to consider that ${\Phi_{u}}$ may b{\Phi
                                                  _{u}}$ may be quasi-Weiers...
I've inserted a begin-math/end-math symbol since I think
you left one out. Proceed, with fingers crossed.

! Extra }, or forgotten $.
l.63 ...consider that ${\Phi_{u}}$ may b{\Phi_{u}}
                                                  $ may be quasi-Weierstrass...
I've deleted a group-closing symbol because it seems to be
spurious, as in `$x}$'. But perhaps the } is legitimate and
you forgot something else, as in `\hbox{$x}'. In such cases
the way to recover is to insert both the forgotten and the
deleted material, e.g., by typing `I$}'.


Package natbib Warning: Citation `cite:10' on page 2 undefined on input line 81
.


Package natbib Warning: Citation `cite:11' on page 2 undefined on input line 81
.


Package natbib Warning: Citation `cite:7' on page 2 undefined on input line 81.



Package natbib Warning: Citation `cite:5' on page 2 undefined on input line 81.


[2]

Package natbib Warning: Citation `cite:12' on page 3 undefined on input line 95
.


Package natbib Warning: Citation `cite:13' on page 3 undefined on input line 95
.


Package natbib Warning: Citation `cite:14' on page 3 undefined on input line 10
3.


Package natbib Warning: Citation `cite:3' on page 3 undefined on input line 103
.


Package natbib Warning: Citation `cite:14' on page 3 undefined on input line 10
3.

[3] [4]

Package natbib Warning: Citation `cite:15' on page 5 undefined on input line 13
8.


Package natbib Warning: Citation `cite:16' on page 5 undefined on input line 14
2.


Package natbib Warning: Citation `cite:17' on page 5 undefined on input line 14
2.


Package natbib Warning: Citation `cite:18' on page 5 undefined on input line 14
2.


Package natbib Warning: Citation `cite:19' on page 5 undefined on input line 15
2.


Package natbib Warning: Citation `cite:12' on page 5 undefined on input line 15
2.


Package natbib Warning: Citation `cite:6' on page 5 undefined on input line 152
.

[5] [6]

Package natbib Warning: Citation `cite:19' on page 7 undefined on input line 18
3.


Package natbib Warning: Citation `cite:5' on page 7 undefined on input line 187
.


Package natbib Warning: Citation `cite:20' on page 7 undefined on input line 19
7.


Package natbib Warning: Citation `cite:21' on page 7 undefined on input line 19
7.


Package natbib Warning: Citation `cite:2' on page 7 undefined on input line 197
.


Package natbib Warning: Citation `cite:0' on page 7 undefined on input line 197
.


Package natbib Warning: Citation `cite:15' on page 7 undefined on input line 19
7.


Package natbib Warning: Citation `cite:22' on page 7 undefined on input line 19
7.

[7] [8]

Package natbib Warning: Citation `cite:23' on page 9 undefined on input line 23
5.


Package natbib Warning: Citation `cite:1' on page 9 undefined on input line 235
.


Overfull \hbox (21.62125pt too wide) in paragraph at lines 242--242
[]\OT1/cmr/bx/n/14.4 Fundamental Prop-er-ties of Bounded, Quasi-Almost
 []


Overfull \hbox (4.26453pt too wide) in paragraph at lines 242--242
\OT1/cmr/bx/n/14.4 Ev-ery-where Quasi-Infinite, Tan-gen-tial Equa-tions 
 []


Package natbib Warning: Citation `cite:11' on page 9 undefined on input line 24
5.


Package natbib Warning: Citation `cite:24' on page 9 undefined on input line 24
5.


Overfull \hbox (1.62416pt too wide) in paragraph at lines 245--245
\OT1/cmr/m/n/10.95 The goal of the present pa-per is to char-ac-ter-ize in-de-p
en-dent, contra-smoothly
 []

[9]

Package natbib Warning: Citation `cite:6' on page 10 undefined on input line 24
5.

[10] [11] [12]

Package natbib Warning: Citation `cite:7' on page 13 undefined on input line 28
7.


Package natbib Warning: Citation `cite:11' on page 13 undefined on input line 2
94.


Package natbib Warning: Citation `cite:8' on page 13 undefined on input line 29
4.


Package natbib Warning: Citation `cite:25' on page 13 undefined on input line 3
04.


Package natbib Warning: Citation `cite:26' on page 13 undefined on input line 3
04.


Package natbib Warning: Citation `cite:27' on page 13 undefined on input line 3
04.


Package natbib Warning: Citation `cite:28' on page 13 undefined on input line 3
04.

[13]

Package natbib Warning: Citation `cite:0' on page 14 undefined on input line 32
4.


Package natbib Warning: Citation `cite:29' on page 14 undefined on input line 3
24.

[14]

Package natbib Warning: Citation `cite:26' on page 15 undefined on input line 3
41.


Package natbib Warning: Citation `cite:1' on page 15 undefined on input line 34
1.


Package natbib Warning: Citation `cite:3' on page 15 undefined on input line 34
1.


Package natbib Warning: Citation `cite:30' on page 15 undefined on input line 3
41.


Package natbib Warning: Citation `cite:14' on page 15 undefined on input line 3
52.


Package natbib Warning: Citation `cite:31' on page 15 undefined on input line 3
52.


Package natbib Warning: Citation `cite:32' on page 15 undefined on input line 3
52.


Package natbib Warning: Citation `cite:25' on page 15 undefined on input line 3
59.


Package natbib Warning: Citation `cite:16' on page 15 undefined on input line 3
59.

[15]

Package natbib Warning: Citation `cite:0' on page 16 undefined on input line 35
9.


Package natbib Warning: Citation `cite:4' on page 16 undefined on input line 35
9.


Package natbib Warning: Citation `cite:27' on page 16 undefined on input line 3
59.


Package natbib Warning: Citation `cite:33' on page 16 undefined on input line 3
66.


Package natbib Warning: Citation `cite:26' on page 16 undefined on input line 3
66.


Package natbib Warning: Citation `cite:14' on page 16 undefined on input line 3
66.


Package natbib Warning: Citation `cite:34' on page 16 undefined on input line 3
66.

No file mathgen-224720516.bbl.

Package natbib Warning: There were undefined citations.

[16] (C:\Users\avirbick\Desktop\github\MathPaper\mathgen-224720516.aux) )
(\end occurred inside a group at level 1)

### simple group (level 1) entered at line 63 ({)
### bottom level 
Here is how much of TeX's memory you used:
 1698 strings out of 493921
 19971 string characters out of 3144867
 74917 words of memory out of 3000000
 4997 multiletter control sequences out of 15000+200000
 18300 words of font info for 74 fonts, out of 3000000 for 9000
 841 hyphenation exceptions out of 8191
 27i,22n,28p,1904b,245s stack positions out of 5000i,500n,10000p,200000b,50000s
<C:/Program Files (x86)/MiKTeX 2.9/fonts/type1/public/amsfonts/
cm/cmbx10.pfb><C:/Program Files (x86)/MiKTeX 2.9/fonts/type1/public/amsfonts/cm
/cmbx12.pfb><C:/Program Files (x86)/MiKTeX 2.9/fonts/type1/public/amsfonts/cm/c
mbx8.pfb><C:/Program Files (x86)/MiKTeX 2.9/fonts/type1/public/amsfonts/cm/cmex
10.pfb><C:/Program Files (x86)/MiKTeX 2.9/fonts/type1/public/amsfonts/cm/cmmi10
.pfb><C:/Program Files (x86)/MiKTeX 2.9/fonts/type1/public/amsfonts/cm/cmmi12.p
fb><C:/Program Files (x86)/MiKTeX 2.9/fonts/type1/public/amsfonts/cm/cmmi6.pfb>
<C:/Program Files (x86)/MiKTeX 2.9/fonts/type1/public/amsfonts/cm/cmmi7.pfb><C:
/Program Files (x86)/MiKTeX 2.9/fonts/type1/public/amsfonts/cm/cmmi8.pfb><C:/Pr
ogram Files (x86)/MiKTeX 2.9/fonts/type1/public/amsfonts/cm/cmr10.pfb><C:/Progr
am Files (x86)/MiKTeX 2.9/fonts/type1/public/amsfonts/cm/cmr12.pfb><C:/Program 
Files (x86)/MiKTeX 2.9/fonts/type1/public/amsfonts/cm/cmr17.pfb><C:/Program Fil
es (x86)/MiKTeX 2.9/fonts/type1/public/amsfonts/cm/cmr6.pfb><C:/Program Files (
x86)/MiKTeX 2.9/fonts/type1/public/amsfonts/cm/cmr7.pfb><C:/Program Files (x86)
/MiKTeX 2.9/fonts/type1/public/amsfonts/cm/cmr8.pfb><C:/Program Files (x86)/MiK
TeX 2.9/fonts/type1/public/amsfonts/cm/cmsy10.pfb><C:/Program Files (x86)/MiKTe
X 2.9/fonts/type1/public/amsfonts/cm/cmsy6.pfb><C:/Program Files (x86)/MiKTeX 2
.9/fonts/type1/public/amsfonts/cm/cmsy7.pfb><C:/Program Files (x86)/MiKTeX 2.9/
fonts/type1/public/amsfonts/cm/cmsy8.pfb><C:/Program Files (x86)/MiKTeX 2.9/fon
ts/type1/public/amsfonts/cm/cmti10.pfb><C:/Program Files (x86)/MiKTeX 2.9/fonts
/type1/public/amsfonts/euler/eufm10.pfb><C:/Program Files (x86)/MiKTeX 2.9/font
s/type1/hoekwater/rsfs/rsfs10.pfb><C:/Program Files (x86)/MiKTeX 2.9/fonts/type
1/hoekwater/rsfs/rsfs5.pfb>
Output written on mathgen-224720516.pdf (16 pages, 355378 bytes).
PDF statistics:
 146 PDF objects out of 1000 (max. 8388607)
 0 named destinations out of 1000 (max. 500000)
 1 words of extra memory for PDF output out of 10000 (max. 10000000)

